[0.010s] Invoking command in '/opt/package/build/voltron_can': CMAKE_PREFIX_PATH=${CMAKE_PREFIX_PATH}:/opt/ros/foxy /usr/bin/cmake /opt/package -DCMAKE_INSTALL_PREFIX=/opt/package/install/voltron_can
[0.049s] -- The C compiler identification is GNU 9.3.0
[0.085s] -- The CXX compiler identification is GNU 9.3.0
[0.088s] -- Check for working C compiler: /usr/bin/cc
[0.131s] -- Check for working C compiler: /usr/bin/cc -- works
[0.132s] -- Detecting C compiler ABI info
[0.175s] -- Detecting C compiler ABI info - done
[0.183s] -- Detecting C compile features
[0.184s] -- Detecting C compile features - done
[0.185s] -- Check for working CXX compiler: /usr/bin/c++
[0.236s] -- Check for working CXX compiler: /usr/bin/c++ -- works
[0.237s] -- Detecting CXX compiler ABI info
[0.288s] -- Detecting CXX compiler ABI info - done
[0.296s] -- Detecting CXX compile features
[0.297s] -- Detecting CXX compile features - done
[0.299s] -- Found ament_cmake_auto: 0.9.8 (/opt/ros/foxy/share/ament_cmake_auto/cmake)
[0.321s] -- Found PythonInterp: /usr/bin/python3 (found suitable version "3.8.10", minimum required is "3") 
[0.321s] -- Using PYTHON_EXECUTABLE: /usr/bin/python3
[0.525s] -- Using all available rosidl_typesupport_c: rosidl_typesupport_fastrtps_c;rosidl_typesupport_introspection_c
[0.532s] -- Found rosidl_adapter: 1.2.1 (/opt/ros/foxy/share/rosidl_adapter/cmake)
[0.609s] -- Found OpenSSL: /usr/lib/x86_64-linux-gnu/libcrypto.so (found version "1.1.1f")  
[0.633s] -- Found FastRTPS: /opt/ros/foxy/include  
[0.704s] -- Using all available rosidl_typesupport_cpp: rosidl_typesupport_fastrtps_cpp;rosidl_typesupport_introspection_cpp
[0.782s] -- Found rmw_implementation_cmake: 1.0.3 (/opt/ros/foxy/share/rmw_implementation_cmake/cmake)
[0.783s] -- Using RMW implementation 'rmw_fastrtps_cpp' as default
[0.783s] -- Looking for pthread.h
[0.830s] -- Looking for pthread.h - found
[0.830s] -- Performing Test CMAKE_HAVE_LIBC_PTHREAD
[0.876s] -- Performing Test CMAKE_HAVE_LIBC_PTHREAD - Failed
[0.876s] -- Looking for pthread_create in pthreads
[0.913s] -- Looking for pthread_create in pthreads - not found
[0.913s] -- Looking for pthread_create in pthread
[0.958s] -- Looking for pthread_create in pthread - found
[0.959s] -- Found Threads: TRUE  
[1.092s] -- Found PythonInterp: /usr/bin/python3 (found version "3.8.10") 
[1.140s] -- Found ament_cmake_ros: 0.9.2 (/opt/ros/foxy/share/ament_cmake_ros/cmake)
[1.230s] -- Using all available rosidl_typesupport_c: rosidl_typesupport_fastrtps_c;rosidl_typesupport_introspection_c
[1.235s] -- Using all available rosidl_typesupport_cpp: rosidl_typesupport_fastrtps_cpp;rosidl_typesupport_introspection_cpp
[1.252s] -- Found PythonInterp: /usr/bin/python3 (found suitable version "3.8.10", minimum required is "3.5") 
[1.254s] -- Found python_cmake_module: 0.8.1 (/opt/ros/foxy/share/python_cmake_module/cmake)
[1.273s] -- Found PythonLibs: /usr/lib/x86_64-linux-gnu/libpython3.8.so (found suitable version "3.8.10", minimum required is "3.5") 
[1.273s] -- Using PYTHON_EXECUTABLE: /usr/bin/python3
[1.273s] -- Using PYTHON_INCLUDE_DIRS: /usr/include/python3.8
[1.273s] -- Using PYTHON_LIBRARIES: /usr/lib/x86_64-linux-gnu/libpython3.8.so
[1.288s] -- Found PythonExtra: .so  
[1.326s] -- Found ament_lint_auto: 0.9.6 (/opt/ros/foxy/share/ament_lint_auto/cmake)
[1.341s] -- Found gtest sources under '/opt/ros/foxy/src/gtest_vendor': C++ tests using 'Google Test' will be built
[1.342s] -- Check if compiler accepts -pthread
[1.388s] -- Check if compiler accepts -pthread - yes
[1.389s] CMake Error at /opt/ros/foxy/share/ament_cmake_target_dependencies/cmake/ament_target_dependencies.cmake:77 (message):
[1.389s]   ament_target_dependencies() the passed package name 'voltron_test_utils'
[1.389s]   was not found before
[1.389s] Call Stack (most recent call first):
[1.390s]   CMakeLists.txt:51 (ament_target_dependencies)
[1.390s] 
[1.390s] 
[1.391s] -- Configuring incomplete, errors occurred!
[1.391s] See also "/opt/package/build/voltron_can/CMakeFiles/CMakeOutput.log".
[1.392s] See also "/opt/package/build/voltron_can/CMakeFiles/CMakeError.log".
[1.398s] Invoked command in '/opt/package/build/voltron_can' returned '1': CMAKE_PREFIX_PATH=${CMAKE_PREFIX_PATH}:/opt/ros/foxy /usr/bin/cmake /opt/package -DCMAKE_INSTALL_PREFIX=/opt/package/install/voltron_can
